<?xml version="1.0" encoding="UTF-8"?>
<testng-results skipped="0" failed="0" ignored="0" total="1" passed="1">
  <reporter-output>
  </reporter-output>
  <suite name="Suite" duration-ms="1500" started-at="2019-12-18T13:56:49Z" finished-at="2019-12-18T13:56:50Z">
    <groups>
    </groups>
    <test name="Test" duration-ms="1500" started-at="2019-12-18T13:56:49Z" finished-at="2019-12-18T13:56:50Z">
      <class name="Test1">
        <test-method status="PASS" signature="before()[pri:0, instance:Test1@6b143ee9]" name="before" is-config="true" duration-ms="680" started-at="2019-12-18T13:56:49Z" finished-at="2019-12-18T13:56:49Z">
          <reporter-output>
          </reporter-output>
        </test-method> <!-- before -->
        <test-method status="PASS" signature="openGoogle()[pri:0, instance:Test1@6b143ee9]" name="openGoogle" duration-ms="740" started-at="2019-12-18T13:56:49Z" finished-at="2019-12-18T13:56:50Z">
          <reporter-output>
          </reporter-output>
        </test-method> <!-- openGoogle -->
        <test-method status="PASS" signature="after()[pri:0, instance:Test1@6b143ee9]" name="after" is-config="true" duration-ms="68" started-at="2019-12-18T13:56:50Z" finished-at="2019-12-18T13:56:50Z">
          <reporter-output>
          </reporter-output>
        </test-method> <!-- after -->
      </class> <!-- Test1 -->
    </test> <!-- Test -->
  </suite> <!-- Suite -->
</testng-results>
